#
# A fatal error has been detected by the Java Runtime Environment:
#
#  EXCEPTION_ACCESS_VIOLATION (0xc0000005) at pc=0x0000000180024c44, pid=11452, tid=0x0000000000002f98
#
# JRE version: Java(TM) SE Runtime Environment (8.0_144-b01) (build 1.8.0_144-b01)
# Java VM: Java HotSpot(TM) 64-Bit Server VM (25.144-b01 mixed mode windows-amd64 compressed oops)
# Problematic frame:
# C  [wpcap.dll+0x24c44]
#
# Failed to write core dump. Minidumps are not enabled by default on client versions of Windows
#
# If you would like to submit a bug report, please visit:
#   http://bugreport.java.com/bugreport/crash.jsp
# The crash happened outside the Java Virtual Machine in native code.
# See problematic frame for where to report the bug.
#

---------------  T H R E A D  ---------------

Current thread (0x00000000191d4000):  JavaThread "Thread-2" [_thread_in_native, id=12184, stack(0x000000001cd90000,0x000000001ce90000)]

siginfo: ExceptionCode=0xc0000005, reading address 0x00000000000002c0

Registers:
RAX=0x0000000019204b00, RBX=0x0000000077c51d50, RCX=0x0000000000000000, RDX=0x0000000000000001
RSP=0x000000001ce8f280, RBP=0x0000000000000001, RSI=0x000000001ce8f390, RDI=0x0000000000000000
R8 =0x00007ff938062330, R9 =0x0000000000000000, R10=0x0000000000000018, R11=0x0000000019219f58
R12=0x00000000191d41f8, R13=0x00007ff938060000, R14=0x000000001ce8f3a0, R15=0x00000000191d4000
RIP=0x0000000180024c44, EFLAGS=0x0000000000010202

Top of Stack: (sp=0x000000001ce8f280)
0x000000001ce8f280:   00000000191d4000 0000000000000000
0x000000001ce8f290:   00000000191d41f8 000000001ce8f3a0
0x000000001ce8f2a0:   0000000000000000 00007ff938061c65
0x000000001ce8f2b0:   0000000077c51d50 0000000000000001
0x000000001ce8f2c0:   000000001ce8f390 00000000191d4000
0x000000001ce8f2d0:   0000000017733420 0000000000000000
0x000000001ce8f2e0:   0000000002f57da0 0000000002f67f74
0x000000001ce8f2f0:   0000000017733420 000000001ce8f370
0x000000001ce8f300:   00000000191d4000 0000000002f64483
0x000000001ce8f310:   000000001772fa70 0000000002f64483
0x000000001ce8f320:   000000001772f9d8 0000000002f684b5
0x000000001ce8f330:   000000001ce8f330 0000000000000000
0x000000001ce8f340:   000000001ce8f3a0 0000000017734070
0x000000001ce8f350:   0000000000000000 0000000017733420
0x000000001ce8f360:   0000000000000000 000000001ce8f390
0x000000001ce8f370:   000000001ce8f3e8 0000000002f57da0 

Instructions: (pc=0x0000000180024c44)
0x0000000180024c24:   cc cc cc cc cc cc cc cc cc cc cc cc 48 89 5c 24
0x0000000180024c34:   08 48 89 6c 24 10 48 89 74 24 18 57 48 83 ec 20
0x0000000180024c44:   83 b9 c0 02 00 00 00 49 8b f9 49 8b f0 8b ea 48
0x0000000180024c54:   8b d9 74 17 83 b9 d0 02 00 00 00 75 0e e8 ca bf 


Register to memory mapping:

RAX=0x0000000019204b00 is a global jni handle
RBX=0x0000000077c51d50 is an unknown value
RCX=0x0000000000000000 is an unknown value
RDX=0x0000000000000001 is an unknown value
RSP=0x000000001ce8f280 is pointing into the stack for thread: 0x00000000191d4000
RBP=0x0000000000000001 is an unknown value
RSI=0x000000001ce8f390 is pointing into the stack for thread: 0x00000000191d4000
RDI=0x0000000000000000 is an unknown value
R8 =0x00007ff938062330 is an unknown value
R9 =0x0000000000000000 is an unknown value
R10=0x0000000000000018 is an unknown value
R11=0x0000000019219f58 is an unknown value
R12=0x00000000191d41f8 is an unknown value
R13=0x00007ff938060000 is an unknown value
R14=0x000000001ce8f3a0 is pointing into the stack for thread: 0x00000000191d4000
R15=0x00000000191d4000 is a thread


Stack: [0x000000001cd90000,0x000000001ce90000],  sp=0x000000001ce8f280,  free space=1020k
Native frames: (J=compiled Java code, j=interpreted, Vv=VM code, C=native code)
C  [wpcap.dll+0x24c44]
C  [Jpcap.dll+0x1c65]
C  0x0000000002f67f74

Java frames: (J=compiled Java code, j=interpreted, Vv=VM code)
j  jpcap.JpcapCaptor.processPacket(ILjpcap/PacketReceiver;)I+0
j  jiwang.Netcaptor$2.run()V+18
j  java.lang.Thread.run()V+11
v  ~StubRoutines::call_stub

---------------  P R O C E S S  ---------------

Java Threads: ( => current thread )
=>0x00000000191d4000 JavaThread "Thread-2" [_thread_in_native, id=12184, stack(0x000000001cd90000,0x000000001ce90000)]
  0x0000000019ed6800 JavaThread "TimerQueue" daemon [_thread_blocked, id=12720, stack(0x000000001c590000,0x000000001c690000)]
  0x0000000002e50800 JavaThread "DestroyJavaVM" [_thread_blocked, id=11284, stack(0x0000000002930000,0x0000000002a30000)]
  0x0000000019ccd800 JavaThread "AWT-EventQueue-0" [_thread_in_native, id=14104, stack(0x000000001b690000,0x000000001b790000)]
  0x000000001921b800 JavaThread "AWT-Windows" daemon [_thread_in_native, id=7652, stack(0x000000001a740000,0x000000001a840000)]
  0x0000000019217800 JavaThread "AWT-Shutdown" [_thread_blocked, id=14652, stack(0x000000001a640000,0x000000001a740000)]
  0x0000000019214000 JavaThread "Java2D Disposer" daemon [_thread_blocked, id=15056, stack(0x000000001a540000,0x000000001a640000)]
  0x0000000017b1d800 JavaThread "Service Thread" daemon [_thread_blocked, id=12704, stack(0x0000000019730000,0x0000000019830000)]
  0x0000000017ae4000 JavaThread "C1 CompilerThread2" daemon [_thread_blocked, id=8112, stack(0x0000000019630000,0x0000000019730000)]
  0x0000000017add000 JavaThread "C2 CompilerThread1" daemon [_thread_blocked, id=2156, stack(0x0000000019530000,0x0000000019630000)]
  0x0000000017adb000 JavaThread "C2 CompilerThread0" daemon [_thread_blocked, id=868, stack(0x0000000019430000,0x0000000019530000)]
  0x0000000017ada000 JavaThread "Attach Listener" daemon [_thread_blocked, id=11104, stack(0x0000000019330000,0x0000000019430000)]
  0x0000000018e73800 JavaThread "Signal Dispatcher" daemon [_thread_blocked, id=5808, stack(0x0000000019230000,0x0000000019330000)]
  0x0000000002f4b000 JavaThread "Finalizer" daemon [_thread_blocked, id=296, stack(0x0000000018d30000,0x0000000018e30000)]
  0x0000000002f40000 JavaThread "Reference Handler" daemon [_thread_blocked, id=12724, stack(0x0000000018c30000,0x0000000018d30000)]

Other Threads:
  0x0000000017a89000 VMThread [stack: 0x0000000018b30000,0x0000000018c30000] [id=10540]
  0x0000000018ef4000 WatcherThread [stack: 0x0000000019830000,0x0000000019930000] [id=12424]

VM state:not at safepoint (normal execution)

VM Mutex/Monitor currently owned by a thread: None

Heap:
 PSYoungGen      total 38400K, used 10374K [0x00000000d5c00000, 0x00000000d8680000, 0x0000000100000000)
  eden space 33280K, 31% used [0x00000000d5c00000,0x00000000d6621b88,0x00000000d7c80000)
  from space 5120K, 0% used [0x00000000d8180000,0x00000000d8180000,0x00000000d8680000)
  to   space 5120K, 0% used [0x00000000d7c80000,0x00000000d7c80000,0x00000000d8180000)
 ParOldGen       total 87552K, used 0K [0x0000000081400000, 0x0000000086980000, 0x00000000d5c00000)
  object space 87552K, 0% used [0x0000000081400000,0x0000000081400000,0x0000000086980000)
 Metaspace       used 12410K, capacity 12620K, committed 12800K, reserved 1060864K
  class space    used 1668K, capacity 1750K, committed 1792K, reserved 1048576K

Card table byte_map: [0x0000000012310000,0x0000000012710000] byte_map_base: 0x0000000011f06000

Marking Bits: (ParMarkBitMap*) 0x0000000077ccd850
 Begin Bits: [0x0000000012dc0000, 0x0000000014d70000)
 End Bits:   [0x0000000014d70000, 0x0000000016d20000)

Polling page: 0x00000000010a0000

CodeCache: size=245760Kb used=3256Kb max_used=3268Kb free=242503Kb
 bounds [0x0000000002f50000, 0x0000000003290000, 0x0000000011f50000]
 total_blobs=1363 nmethods=872 adapters=403
 compilation: enabled

Compilation events (10 events):
Event: 13.253 Thread 0x0000000017ae4000  868       3       sun.reflect.ByteVectorImpl::getLength (7 bytes)
Event: 13.253 Thread 0x0000000017ae4000 nmethod 868 0x000000000327de10 code [0x000000000327df60, 0x000000000327e0b0]
Event: 13.253 Thread 0x0000000017ae4000  869       3       javax.swing.JComponent::firePropertyChange (8 bytes)
Event: 13.253 Thread 0x0000000017ae4000 nmethod 869 0x000000000327e110 code [0x000000000327e2a0, 0x000000000327e828]
Event: 13.253 Thread 0x0000000017ae4000  870       3       java.awt.Component::firePropertyChange (26 bytes)
Event: 13.253 Thread 0x0000000017ae4000 nmethod 870 0x000000000327ea50 code [0x000000000327ebe0, 0x000000000327f108]
Event: 13.253 Thread 0x0000000017ae4000  871       1       javax.swing.JComponent::isManagingFocus (2 bytes)
Event: 13.253 Thread 0x0000000017ae4000 nmethod 871 0x000000000327f2d0 code [0x000000000327f420, 0x000000000327f530]
Event: 13.254 Thread 0x0000000017add000  872       4       java.awt.Component::isLightweight (8 bytes)
Event: 13.255 Thread 0x0000000017add000 nmethod 872 0x0000000003207cd0 code [0x0000000003207e00, 0x0000000003207eb8]

GC Heap History (0 events):
No events

Deoptimization events (4 events):
Event: 1.566 Thread 0x0000000019ccd800 Uncommon trap: reason=class_check action=maybe_recompile pc=0x00000000030c2aa8 method=java.lang.String.equals(Ljava/lang/Object;)Z @ 8
Event: 1.566 Thread 0x0000000019ccd800 Uncommon trap: reason=class_check action=maybe_recompile pc=0x00000000030c2aa8 method=java.lang.String.equals(Ljava/lang/Object;)Z @ 8
Event: 1.566 Thread 0x0000000019ccd800 Uncommon trap: reason=class_check action=maybe_recompile pc=0x00000000030c2aa8 method=java.lang.String.equals(Ljava/lang/Object;)Z @ 8
Event: 3.841 Thread 0x0000000019ccd800 Uncommon trap: reason=class_check action=maybe_recompile pc=0x00000000030c2aa8 method=java.lang.String.equals(Ljava/lang/Object;)Z @ 8

Internal exceptions (10 events):
Event: 0.156 Thread 0x0000000002e50800 Exception <a 'java/security/PrivilegedActionException'> (0x00000000d5cf0868) thrown at [C:\re\workspace\8-2-build-windows-amd64-cygwin\jdk8u144\9417\hotspot\src\share\vm\prims\jvm.cpp, line 1390]
Event: 0.156 Thread 0x0000000002e50800 Exception <a 'java/security/PrivilegedActionException'> (0x00000000d5cf0a78) thrown at [C:\re\workspace\8-2-build-windows-amd64-cygwin\jdk8u144\9417\hotspot\src\share\vm\prims\jvm.cpp, line 1390]
Event: 0.160 Thread 0x0000000002e50800 Exception <a 'java/security/PrivilegedActionException'> (0x00000000d5cfb190) thrown at [C:\re\workspace\8-2-build-windows-amd64-cygwin\jdk8u144\9417\hotspot\src\share\vm\prims\jvm.cpp, line 1390]
Event: 0.160 Thread 0x0000000002e50800 Exception <a 'java/security/PrivilegedActionException'> (0x00000000d5cfb3a0) thrown at [C:\re\workspace\8-2-build-windows-amd64-cygwin\jdk8u144\9417\hotspot\src\share\vm\prims\jvm.cpp, line 1390]
Event: 0.163 Thread 0x0000000002e50800 Exception <a 'java/io/FileNotFoundException'> (0x00000000d5d00340) thrown at [C:\re\workspace\8-2-build-windows-amd64-cygwin\jdk8u144\9417\hotspot\src\share\vm\prims\jni.cpp, line 709]
Event: 0.198 Thread 0x0000000002e50800 Exception <a 'java/lang/NoSuchFieldError': method resolution failed> (0x00000000d5e73e28) thrown at [C:\re\workspace\8-2-build-windows-amd64-cygwin\jdk8u144\9417\hotspot\src\share\vm\prims\methodHandles.cpp, line 1146]
Event: 0.200 Thread 0x0000000002e50800 Exception <a 'java/lang/NoSuchFieldError': method resolution failed> (0x00000000d5e811f8) thrown at [C:\re\workspace\8-2-build-windows-amd64-cygwin\jdk8u144\9417\hotspot\src\share\vm\prims\methodHandles.cpp, line 1146]
Event: 0.238 Thread 0x0000000002e50800 Exception <a 'java/io/FileNotFoundException'> (0x00000000d5f15230) thrown at [C:\re\workspace\8-2-build-windows-amd64-cygwin\jdk8u144\9417\hotspot\src\share\vm\prims\jni.cpp, line 709]
Event: 0.344 Thread 0x0000000002e50800 Exception <a 'java/io/FileNotFoundException'> (0x00000000d617b478) thrown at [C:\re\workspace\8-2-build-windows-amd64-cygwin\jdk8u144\9417\hotspot\src\share\vm\prims\jni.cpp, line 709]
Event: 0.344 Thread 0x0000000002e50800 Exception <a 'java/lang/NullPointerException'> (0x00000000d617bab0) thrown at [C:\re\workspace\8-2-build-windows-amd64-cygwin\jdk8u144\9417\hotspot\src\share\vm\interpreter\linkResolver.cpp, line 1197]

Events (10 events):
Event: 7.312 loading class sun/util/calendar/Gregorian$Date
Event: 7.312 loading class sun/util/calendar/BaseCalendar$Date
Event: 7.312 loading class sun/util/calendar/CalendarDate
Event: 7.312 loading class sun/util/calendar/CalendarDate done
Event: 7.312 loading class sun/util/calendar/BaseCalendar$Date done
Event: 7.312 loading class sun/util/calendar/Gregorian$Date done
Event: 7.312 loading class sun/util/calendar/CalendarUtils
Event: 7.312 loading class sun/util/calendar/CalendarUtils done
Event: 7.313 loading class jiwang/newCount
Event: 7.313 loading class jiwang/newCount done


Dynamic libraries:
0x00007ff6c6e50000 - 0x00007ff6c6e87000 	C:\Program Files\Java\jre1.8.0_144\bin\javaw.exe
0x00007ff944a70000 - 0x00007ff944c4b000 	C:\WINDOWS\SYSTEM32\ntdll.dll
0x00007ff944690000 - 0x00007ff94473e000 	C:\WINDOWS\System32\KERNEL32.DLL
0x00007ff940f90000 - 0x00007ff9411d9000 	C:\WINDOWS\System32\KERNELBASE.dll
0x00007ff943a50000 - 0x00007ff943af1000 	C:\WINDOWS\System32\ADVAPI32.dll
0x00007ff944120000 - 0x00007ff9441bd000 	C:\WINDOWS\System32\msvcrt.dll
0x00007ff944960000 - 0x00007ff9449b9000 	C:\WINDOWS\System32\sechost.dll
0x00007ff944740000 - 0x00007ff944865000 	C:\WINDOWS\System32\RPCRT4.dll
0x00007ff943b00000 - 0x00007ff943c4a000 	C:\WINDOWS\System32\USER32.dll
0x00007ff9414b0000 - 0x00007ff9414ce000 	C:\WINDOWS\System32\win32u.dll
0x00007ff943620000 - 0x00007ff943647000 	C:\WINDOWS\System32\GDI32.dll
0x00007ff9415a0000 - 0x00007ff941728000 	C:\WINDOWS\System32\gdi32full.dll
0x00007ff941730000 - 0x00007ff9417ca000 	C:\WINDOWS\System32\msvcp_win.dll
0x00007ff9413b0000 - 0x00007ff9414a6000 	C:\WINDOWS\System32\ucrtbase.dll
0x00007ff92d570000 - 0x00007ff92d7d7000 	C:\WINDOWS\WinSxS\amd64_microsoft.windows.common-controls_6595b64144ccf1df_6.0.15063.483_none_26002d27e7c744a2\COMCTL32.dll
0x00007ff943c50000 - 0x00007ff943f49000 	C:\WINDOWS\System32\combase.dll
0x00007ff941530000 - 0x00007ff94159a000 	C:\WINDOWS\System32\bcryptPrimitives.dll
0x00007ff9440f0000 - 0x00007ff94411d000 	C:\WINDOWS\System32\IMM32.DLL
0x0000000050170000 - 0x0000000050242000 	C:\Program Files\Java\jre1.8.0_144\bin\msvcr100.dll
0x00000000774b0000 - 0x0000000077d4d000 	C:\Program Files\Java\jre1.8.0_144\bin\server\jvm.dll
0x00007ff944950000 - 0x00007ff944958000 	C:\WINDOWS\System32\PSAPI.DLL
0x00007ff92c480000 - 0x00007ff92c489000 	C:\WINDOWS\SYSTEM32\WSOCK32.dll
0x00007ff9441c0000 - 0x00007ff94422c000 	C:\WINDOWS\System32\WS2_32.dll
0x00007ff93da90000 - 0x00007ff93dab3000 	C:\WINDOWS\SYSTEM32\WINMM.dll
0x00007ff935920000 - 0x00007ff93592a000 	C:\WINDOWS\SYSTEM32\VERSION.dll
0x00007ff93d920000 - 0x00007ff93d94b000 	C:\WINDOWS\SYSTEM32\WINMMBASE.dll
0x00007ff9417d0000 - 0x00007ff941819000 	C:\WINDOWS\System32\cfgmgr32.dll
0x0000000051a40000 - 0x0000000051a4f000 	C:\Program Files\Java\jre1.8.0_144\bin\verify.dll
0x00000000517f0000 - 0x0000000051819000 	C:\Program Files\Java\jre1.8.0_144\bin\java.dll
0x00000000517d0000 - 0x00000000517e6000 	C:\Program Files\Java\jre1.8.0_144\bin\zip.dll
0x00007ff941fd0000 - 0x00007ff943406000 	C:\WINDOWS\System32\SHELL32.dll
0x00007ff9449c0000 - 0x00007ff944a6a000 	C:\WINDOWS\System32\shcore.dll
0x00007ff9418d0000 - 0x00007ff941fc3000 	C:\WINDOWS\System32\windows.storage.dll
0x00007ff9438a0000 - 0x00007ff9438f1000 	C:\WINDOWS\System32\shlwapi.dll
0x00007ff940f70000 - 0x00007ff940f81000 	C:\WINDOWS\System32\kernel.appcore.dll
0x00007ff940f20000 - 0x00007ff940f6c000 	C:\WINDOWS\System32\powrprof.dll
0x00007ff940f00000 - 0x00007ff940f15000 	C:\WINDOWS\System32\profapi.dll
0x0000000077310000 - 0x00000000774a8000 	C:\Program Files\Java\jre1.8.0_144\bin\awt.dll
0x00007ff943760000 - 0x00007ff943820000 	C:\WINDOWS\System32\OLEAUT32.dll
0x00007ff93f590000 - 0x00007ff93f60e000 	C:\WINDOWS\SYSTEM32\apphelp.dll
0x00007ff93d890000 - 0x00007ff93d8ba000 	C:\WINDOWS\system32\DWMAPI.DLL
0x00007ff93f6d0000 - 0x00007ff93f765000 	C:\WINDOWS\system32\uxtheme.dll
0x00007ff932be0000 - 0x00007ff932d01000 	C:\WINDOWS\system32\opengl32.dll
0x00007ff935cb0000 - 0x00007ff935cdc000 	C:\WINDOWS\SYSTEM32\GLU32.dll
0x00007ff9434b0000 - 0x00007ff943616000 	C:\WINDOWS\System32\MSCTF.dll
0x00007ff943900000 - 0x00007ff943a45000 	C:\WINDOWS\System32\ole32.dll
0x00000000516f0000 - 0x0000000051737000 	C:\Program Files\Java\jre1.8.0_144\bin\fontmanager.dll
0x00000000517b0000 - 0x00000000517ca000 	C:\Program Files\Java\jre1.8.0_144\bin\net.dll
0x00007ff9407f0000 - 0x00007ff94084c000 	C:\WINDOWS\system32\mswsock.dll
0x0000000051790000 - 0x00000000517a1000 	C:\Program Files\Java\jre1.8.0_144\bin\nio.dll
0x0000000050120000 - 0x0000000050162000 	C:\Program Files\Java\jre1.8.0_144\bin\t2k.dll
0x00007ff93c170000 - 0x00007ff93c1f2000 	C:\WINDOWS\System32\TextInputFramework.dll
0x00007ff938580000 - 0x00007ff938852000 	C:\WINDOWS\System32\CoreUIComponents.dll
0x00007ff93e980000 - 0x00007ff93ea63000 	C:\WINDOWS\System32\CoreMessaging.dll
0x00007ff9400f0000 - 0x00007ff940121000 	C:\WINDOWS\SYSTEM32\ntmarta.dll
0x00007ff93d950000 - 0x00007ff93da89000 	C:\WINDOWS\SYSTEM32\wintypes.dll
0x00007ff9384f0000 - 0x00007ff938505000 	C:\WINDOWS\SYSTEM32\usermgrcli.dll
0x00007ff938060000 - 0x00007ff93808b000 	E:\Desktop\jpcap\jpcap\jpcap2\Jpcap.dll
0x00007ff940590000 - 0x00007ff9405c7000 	C:\WINDOWS\SYSTEM32\IPHLPAPI.DLL
0x0000000180000000 - 0x0000000180065000 	C:\WINDOWS\SYSTEM32\wpcap.dll
0x0000000002aa0000 - 0x0000000002abf000 	C:\WINDOWS\SYSTEM32\packet.dll
0x00007ff943880000 - 0x00007ff943888000 	C:\WINDOWS\System32\NSI.dll
0x00007ff93b890000 - 0x00007ff93b8a6000 	C:\WINDOWS\SYSTEM32\dhcpcsvc6.DLL
0x00007ff93b870000 - 0x00007ff93b88a000 	C:\WINDOWS\SYSTEM32\dhcpcsvc.DLL
0x00007ff943410000 - 0x00007ff9434ae000 	C:\WINDOWS\System32\clbcatq.dll
0x00007ff9389a0000 - 0x00007ff938b4c000 	C:\WINDOWS\SYSTEM32\WindowsCodecs.dll
0x00007ff9346f0000 - 0x00007ff934737000 	C:\WINDOWS\system32\dataexchange.dll
0x00007ff93e6a0000 - 0x00007ff93e97f000 	C:\WINDOWS\system32\d3d11.dll
0x00007ff93f020000 - 0x00007ff93f142000 	C:\WINDOWS\system32\dcomp.dll
0x00007ff93fe30000 - 0x00007ff93fed4000 	C:\WINDOWS\system32\dxgi.dll
0x00007ff93f990000 - 0x00007ff93fb00000 	C:\WINDOWS\system32\twinapi.appcore.dll
0x00007ff940aa0000 - 0x00007ff940ac5000 	C:\WINDOWS\system32\bcrypt.dll
0x00007ff93b480000 - 0x00007ff93b629000 	C:\WINDOWS\SYSTEM32\dbghelp.dll

VM Arguments:
jvm_args: -Djava.library.path=E:\Desktop\jpcap\jpcap\jpcap2 -Dfile.encoding=GBK 
java_command: jiwang.JFrameMain
java_class_path (initial): E:\Document\WorkDoc\Eclipse\jiwang2\bin;E:\Document\WorkDoc\Eclipse\jiwang\jpcap.jar;E:\Document\WorkDoc\Eclipse\jiwang2\jcommon-1.0.0.jar;E:\Document\WorkDoc\Eclipse\jiwang2\jfreechart-1.0.1.jar
Launcher Type: SUN_STANDARD

Environment Variables:
PATH=C:/Program Files/Java/jre1.8.0_144/bin/server;C:/Program Files/Java/jre1.8.0_144/bin;C:/Program Files/Java/jre1.8.0_144/lib/amd64;D:\Oracle\product\12.1.0\dbhome_3\bin;D:\Oracle\product\12.1.0\dbhome_1\bin;C:\ProgramData\Oracle\Java\javapath;C:\WINDOWS\system32;C:\WINDOWS;C:\WINDOWS\System32\Wbem;C:\WINDOWS\System32\WindowsPowerShell\v1.0\;C:\Program Files\Java\jdk1.8.0_144\bin;D:\matlab\runtime\win64;D:\matlab\bin;D:\matlab\polyspace\bin;C:\Program Files (x86)\Windows Kits\8.1\Windows Performance Toolkit\;D:\git\Git\cmd;D:\mysql-5.7.19-winx64\bin;C:\Program Files\MySQL\MySQL Utilities 1.6\;C:\Program Files\nodejs\;C:\Users\84689\AppData\Local\Programs\Python\Python37\Scripts\;C:\Users\84689\AppData\Local\Programs\Python\Python37\;C:\Users\84689\AppData\Local\Microsoft\WindowsApps;;C:\Program Files\Microsoft VS Code\bin;C:\Users\84689\AppData\Roaming\npm;D:\eclipse4.7;
USERNAME=84689
OS=Windows_NT
PROCESSOR_IDENTIFIER=Intel64 Family 6 Model 61 Stepping 4, GenuineIntel



---------------  S Y S T E M  ---------------

OS: Windows 10.0 , 64 bit Build 15063 (10.0.15063.296)

CPU:total 4 (initial active 4) (2 cores per cpu, 2 threads per core) family 6 model 61 stepping 4, cmov, cx8, fxsr, mmx, sse, sse2, sse3, ssse3, sse4.1, sse4.2, popcnt, avx, avx2, aes, clmul, erms, 3dnowpref, lzcnt, ht, tsc, tscinvbit, bmi1, bmi2, adx

Memory: 4k page, physical 8298844k(1586264k free), swap 16653204k(2307188k free)

vm_info: Java HotSpot(TM) 64-Bit Server VM (25.144-b01) for windows-amd64 JRE (1.8.0_144-b01), built on Jul 21 2017 21:57:33 by "java_re" with MS VC++ 10.0 (VS2010)

time: Thu Oct 12 11:11:20 2017
elapsed time: 13 seconds (0d 0h 0m 13s)

